<?xml version="1.0" encoding="UTF-8"?>
<!-- Generated by org.testng.reporters.JUnitXMLReporter -->
<testsuite ignored="0" hostname="DESKTOP-1FE3G7K" failures="0" tests="6" name="Card movement and Validation" time="26.894" errors="0" timestamp="04 Aug 2020 06:55:13 GMT">
  <testcase classname="movecard_test.CardMove_Test" name="CardMovement1" time="8.27"/>
  <testcase classname="movecard_test.CardMove_Test" name="CardMovementValidation1" time="0.234"/>
  <testcase classname="movecard_test.CardMove_Test" name="CardMovement2" time="6.1"/>
  <testcase classname="movecard_test.CardMove_Test" name="CardMovementValidation2" time="0.224"/>
  <testcase classname="movecard_test.CardMove_Test" name="CardMovement3" time="7.564"/>
  <testcase classname="movecard_test.CardMove_Test" name="CardMovementValidation3" time="4.494"/>
</testsuite> <!-- Card movement and Validation -->
