<?xml version="1.0" encoding="UTF-8"?>
<!-- Generated by org.testng.reporters.JUnitXMLReporter -->
<testsuite ignored="0" hostname="DESKTOP-1FE3G7K" failures="0" tests="4" name="Card Creation" time="12.781" errors="0" timestamp="04 Aug 2020 06:54:39 GMT">
  <testcase classname="createcard_test.CardCreation_Test" name="cardCreation1" time="3.014"/>
  <testcase classname="createcard_test.CardCreation_Test" name="cardCreation2" time="2.558"/>
  <testcase classname="createcard_test.CardCreation_Test" name="cardCreation3" time="2.521"/>
  <testcase classname="createcard_test.CardCreation_Test" name="cardCreation" time="4.681"/>
</testsuite> <!-- Card Creation -->
