<?xml version="1.0" encoding="UTF-8"?>
<!-- Generated by org.testng.reporters.JUnitXMLReporter -->
<testsuite ignored="0" hostname="DESKTOP-1FE3G7K" failures="0" tests="2" name="Invalid Cred test" time="25.919" errors="0" timestamp="04 Aug 2020 06:53:16 GMT">
  <testcase classname="invalidcredentials.InvalidCred_Test" name="CredentialValidation_Username" time="12.562"/>
  <testcase classname="invalidcredentials.InvalidCred_Test" name="CredentialValidation_Password" time="13.348"/>
</testsuite> <!-- Invalid Cred test -->
