<?xml version="1.0" encoding="UTF-8"?>
<!-- Generated by org.testng.reporters.JUnitXMLReporter -->
<testsuite ignored="0" hostname="DESKTOP-1FE3G7K" failures="0" tests="4" name="List Creation" time="20.633" errors="0" timestamp="04 Aug 2020 06:54:26 GMT">
  <testcase classname="createlist_test.ListCreation_Test" name="Listing1" time="5.117"/>
  <testcase classname="createlist_test.ListCreation_Test" name="Listing2" time="2.681"/>
  <testcase classname="createlist_test.ListCreation_Test" name="Listing3" time="2.534"/>
  <testcase classname="createlist_test.ListCreation_Test" name="Listing4" time="10.296"/>
</testsuite> <!-- List Creation -->
