<?xml version="1.0" encoding="UTF-8"?>
<!-- Generated by org.testng.reporters.JUnitXMLReporter -->
<testsuite ignored="0" hostname="DESKTOP-1FE3G7K" failures="1" tests="1" name="Log Off" time="1.459" errors="0" timestamp="04 Aug 2020 06:55:33 GMT">
  <testcase classname="logout_test.LogOut_Test" name="signoff" time="0.243">
    <failure type="java.lang.AssertionError" message="expected [The text of Logout is not as expected, Expected : Logout but actual:Log Out] but found [false]">
      <![CDATA[java.lang.AssertionError: expected [The text of Logout is not as expected, Expected : Logout but actual:Log Out] but found [false]
at logout.LogOutClass.log(LogOutClass.java:42)
at logout_test.LogOut_Test.signoff(LogOut_Test.java:15)
... Removed 30 stack frames]]>
    </failure>
  </testcase> <!-- signoff -->
</testsuite> <!-- Log Off -->
